{"C:\\full stack ai\\Week-4_day-3\\node-api-project\\src\\app.js": {"path":"C:\\full stack ai\\Week-4_day-3\\node-api-project\\src\\app.js","statementMap":{"0":{"start":{"line":1,"column":16},"end":{"line":1,"column":34}},"1":{"start":{"line":2,"column":19},"end":{"line":2,"column":50}},"2":{"start":{"line":3,"column":24},"end":{"line":3,"column":53}},"3":{"start":{"line":5,"column":12},"end":{"line":5,"column":21}},"4":{"start":{"line":7,"column":0},"end":{"line":7,"column":24}},"5":{"start":{"line":9,"column":0},"end":{"line":9,"column":30}},"6":{"start":{"line":11,"column":0},"end":{"line":11,"column":25}},"7":{"start":{"line":13,"column":0},"end":{"line":13,"column":21}}},"fnMap":{},"branchMap":{},"s":{"0":1,"1":1,"2":1,"3":1,"4":1,"5":1,"6":1,"7":1},"f":{},"b":{},"_coverageSchema":"1a1c01bbd47fc00a2c39e90264f33305004495a9","hash":"b807e16ac8fd34c162a121bcedf7f10094c8da25"}
,"C:\\full stack ai\\Week-4_day-3\\node-api-project\\src\\db.js": {"path":"C:\\full stack ai\\Week-4_day-3\\node-api-project\\src\\db.js","statementMap":{"0":{"start":{"line":1,"column":12},"end":{"line":4,"column":1}},"1":{"start":{"line":6,"column":0},"end":{"line":6,"column":27}}},"fnMap":{},"branchMap":{},"s":{"0":1,"1":1},"f":{},"b":{},"_coverageSchema":"1a1c01bbd47fc00a2c39e90264f33305004495a9","hash":"107603fca7133f774159096ebf44a15cb062a78b"}
,"C:\\full stack ai\\Week-4_day-3\\node-api-project\\src\\error.middleware.js": {"path":"C:\\full stack ai\\Week-4_day-3\\node-api-project\\src\\error.middleware.js","statementMap":{"0":{"start":{"line":1,"column":0},"end":{"line":5,"column":2}},"1":{"start":{"line":2,"column":2},"end":{"line":4,"column":5}}},"fnMap":{"0":{"name":"(anonymous_0)","decl":{"start":{"line":1,"column":17},"end":{"line":1,"column":18}},"loc":{"start":{"line":1,"column":42},"end":{"line":5,"column":1}},"line":1}},"branchMap":{"0":{"loc":{"start":{"line":2,"column":13},"end":{"line":2,"column":30}},"type":"binary-expr","locations":[{"start":{"line":2,"column":13},"end":{"line":2,"column":23}},{"start":{"line":2,"column":27},"end":{"line":2,"column":30}}],"line":2},"1":{"loc":{"start":{"line":3,"column":11},"end":{"line":3,"column":49}},"type":"binary-expr","locations":[{"start":{"line":3,"column":11},"end":{"line":3,"column":22}},{"start":{"line":3,"column":26},"end":{"line":3,"column":49}}],"line":3}},"s":{"0":1,"1":2},"f":{"0":2},"b":{"0":[2,0],"1":[2,0]},"_coverageSchema":"1a1c01bbd47fc00a2c39e90264f33305004495a9","hash":"94a76311b609206a5c7f74846b83f60f321db088"}
,"C:\\full stack ai\\Week-4_day-3\\node-api-project\\src\\controllers\\user.controller.js": {"path":"C:\\full stack ai\\Week-4_day-3\\node-api-project\\src\\controllers\\user.controller.js","statementMap":{"0":{"start":{"line":1,"column":18},"end":{"line":1,"column":34}},"1":{"start":{"line":4,"column":0},"end":{"line":12,"column":2}},"2":{"start":{"line":5,"column":15},"end":{"line":5,"column":20}},"3":{"start":{"line":7,"column":2},"end":{"line":9,"column":3}},"4":{"start":{"line":8,"column":4},"end":{"line":8,"column":59}},"5":{"start":{"line":8,"column":32},"end":{"line":8,"column":57}},"6":{"start":{"line":11,"column":2},"end":{"line":11,"column":31}},"7":{"start":{"line":15,"column":0},"end":{"line":38,"column":2}},"8":{"start":{"line":16,"column":2},"end":{"line":37,"column":3}},"9":{"start":{"line":17,"column":34},"end":{"line":17,"column":42}},"10":{"start":{"line":19,"column":4},"end":{"line":23,"column":5}},"11":{"start":{"line":20,"column":18},"end":{"line":20,"column":44}},"12":{"start":{"line":21,"column":6},"end":{"line":21,"column":23}},"13":{"start":{"line":22,"column":6},"end":{"line":22,"column":16}},"14":{"start":{"line":25,"column":20},"end":{"line":30,"column":5}},"15":{"start":{"line":32,"column":4},"end":{"line":32,"column":24}},"16":{"start":{"line":34,"column":4},"end":{"line":34,"column":34}},"17":{"start":{"line":36,"column":4},"end":{"line":36,"column":14}},"18":{"start":{"line":41,"column":0},"end":{"line":59,"column":2}},"19":{"start":{"line":42,"column":2},"end":{"line":58,"column":3}},"20":{"start":{"line":43,"column":15},"end":{"line":43,"column":36}},"21":{"start":{"line":45,"column":18},"end":{"line":45,"column":51}},"22":{"start":{"line":45,"column":39},"end":{"line":45,"column":50}},"23":{"start":{"line":47,"column":4},"end":{"line":51,"column":5}},"24":{"start":{"line":48,"column":18},"end":{"line":48,"column":45}},"25":{"start":{"line":49,"column":6},"end":{"line":49,"column":23}},"26":{"start":{"line":50,"column":6},"end":{"line":50,"column":16}},"27":{"start":{"line":53,"column":4},"end":{"line":53,"column":27}},"28":{"start":{"line":55,"column":4},"end":{"line":55,"column":27}},"29":{"start":{"line":57,"column":4},"end":{"line":57,"column":14}}},"fnMap":{"0":{"name":"(anonymous_0)","decl":{"start":{"line":4,"column":19},"end":{"line":4,"column":20}},"loc":{"start":{"line":4,"column":33},"end":{"line":12,"column":1}},"line":4},"1":{"name":"(anonymous_1)","decl":{"start":{"line":8,"column":27},"end":{"line":8,"column":28}},"loc":{"start":{"line":8,"column":32},"end":{"line":8,"column":57}},"line":8},"2":{"name":"(anonymous_2)","decl":{"start":{"line":15,"column":21},"end":{"line":15,"column":22}},"loc":{"start":{"line":15,"column":41},"end":{"line":38,"column":1}},"line":15},"3":{"name":"(anonymous_3)","decl":{"start":{"line":41,"column":21},"end":{"line":41,"column":22}},"loc":{"start":{"line":41,"column":41},"end":{"line":59,"column":1}},"line":41},"4":{"name":"(anonymous_4)","decl":{"start":{"line":45,"column":34},"end":{"line":45,"column":35}},"loc":{"start":{"line":45,"column":39},"end":{"line":45,"column":50}},"line":45}},"branchMap":{"0":{"loc":{"start":{"line":7,"column":2},"end":{"line":9,"column":3}},"type":"if","locations":[{"start":{"line":7,"column":2},"end":{"line":9,"column":3}},{"start":{},"end":{}}],"line":7},"1":{"loc":{"start":{"line":19,"column":4},"end":{"line":23,"column":5}},"type":"if","locations":[{"start":{"line":19,"column":4},"end":{"line":23,"column":5}},{"start":{},"end":{}}],"line":19},"2":{"loc":{"start":{"line":47,"column":4},"end":{"line":51,"column":5}},"type":"if","locations":[{"start":{"line":47,"column":4},"end":{"line":51,"column":5}},{"start":{},"end":{}}],"line":47}},"s":{"0":1,"1":1,"2":2,"3":2,"4":1,"5":2,"6":2,"7":1,"8":2,"9":2,"10":2,"11":1,"12":1,"13":1,"14":1,"15":1,"16":1,"17":1,"18":1,"19":1,"20":1,"21":1,"22":3,"23":1,"24":1,"25":1,"26":1,"27":0,"28":0,"29":1},"f":{"0":2,"1":2,"2":2,"3":1,"4":3},"b":{"0":[1,1],"1":[1,1],"2":[1,0]},"_coverageSchema":"1a1c01bbd47fc00a2c39e90264f33305004495a9","hash":"905ca9ed461c6e59f933f86f31879fd8c561576e"}
,"C:\\full stack ai\\Week-4_day-3\\node-api-project\\src\\routes\\user.routes.js": {"path":"C:\\full stack ai\\Week-4_day-3\\node-api-project\\src\\routes\\user.routes.js","statementMap":{"0":{"start":{"line":1,"column":16},"end":{"line":1,"column":34}},"1":{"start":{"line":2,"column":19},"end":{"line":2,"column":60}},"2":{"start":{"line":4,"column":15},"end":{"line":4,"column":31}},"3":{"start":{"line":6,"column":0},"end":{"line":6,"column":37}},"4":{"start":{"line":7,"column":0},"end":{"line":7,"column":40}},"5":{"start":{"line":8,"column":0},"end":{"line":8,"column":45}},"6":{"start":{"line":10,"column":0},"end":{"line":10,"column":24}}},"fnMap":{},"branchMap":{},"s":{"0":1,"1":1,"2":1,"3":1,"4":1,"5":1,"6":1},"f":{},"b":{},"_coverageSchema":"1a1c01bbd47fc00a2c39e90264f33305004495a9","hash":"7f495e1edc535f8bcddaa2cc9493325abed6c9eb"}
}
